<?xml version="1.0" encoding="UTF-8"?>
<testng-results skipped="0" failed="0" ignored="0" total="1" passed="1">
  <reporter-output>
  </reporter-output>
  <suite name="Default suite" duration-ms="9805" started-at="2020-08-15T11:51:58 EDT" finished-at="2020-08-15T11:52:08 EDT">
    <groups>
    </groups>
    <test name="Default test" duration-ms="9805" started-at="2020-08-15T11:51:58 EDT" finished-at="2020-08-15T11:52:08 EDT">
      <class name="tests.LoginPageTest">
        <test-method status="PASS" signature="setUp()[pri:0, instance:tests.LoginPageTest@614ddd49]" name="setUp" is-config="true" duration-ms="8044" started-at="2020-08-15T11:51:58 EDT" finished-at="2020-08-15T11:52:06 EDT">
          <reporter-output>
          </reporter-output>
        </test-method> <!-- setUp -->
        <test-method status="PASS" signature="logintest()[pri:0, instance:tests.LoginPageTest@614ddd49]" name="logintest" duration-ms="1510" started-at="2020-08-15T11:52:06 EDT" finished-at="2020-08-15T11:52:07 EDT">
          <reporter-output>
          </reporter-output>
        </test-method> <!-- logintest -->
        <test-method status="PASS" signature="tearDown()[pri:0, instance:tests.LoginPageTest@614ddd49]" name="tearDown" is-config="true" duration-ms="169" started-at="2020-08-15T11:52:07 EDT" finished-at="2020-08-15T11:52:08 EDT">
          <reporter-output>
          </reporter-output>
        </test-method> <!-- tearDown -->
      </class> <!-- tests.LoginPageTest -->
    </test> <!-- Default test -->
  </suite> <!-- Default suite -->
</testng-results>
